<?xml version="1.0" encoding="UTF-8"?>
<!-- Generated by org.testng.reporters.JUnitXMLReporter -->
<testsuite ignored="3" hostname="admins-MacBook-Pro-2.local" failures="0" tests="1" name="Default test(failed)" time="18.582" errors="0" timestamp="2025-10-31T16:23:38 IST">
  <testcase classname="tests.GM_Panel_Tests" name="AECP_GM_TC001" time="12.961"/>
  <testcase classname="tests.GM_Panel_Tests" name="AECP_GM_TC003" time="0.0">
    <ignored/>
  </testcase> <!-- AECP_GM_TC003 -->
  <testcase classname="tests.GM_Panel_Tests" name="AECP_GM_TC002" time="0.0">
    <ignored/>
  </testcase> <!-- AECP_GM_TC002 -->
  <testcase classname="tests.GM_Panel_Tests" name="AECP_GM_TC004" time="0.0">
    <ignored/>
  </testcase> <!-- AECP_GM_TC004 -->
</testsuite> <!-- Default test(failed) -->
