<?xml version="1.0" encoding="UTF-8"?>
<!-- Generated by org.testng.reporters.JUnitXMLReporter -->
<testsuite ignored="4" hostname="admins-MacBook-Pro-2.local" failures="0" tests="1" name="Default test" time="11.039" errors="0" timestamp="2025-11-07T16:09:14 IST">
  <testcase classname="tests.PM_Panel_Tests" name="AECP_PM_TC005" time="4.845"/>
  <testcase classname="tests.PM_Panel_Tests" name="AECP_PM_TC003" time="0.0">
    <ignored/>
  </testcase> <!-- AECP_PM_TC003 -->
  <testcase classname="tests.PM_Panel_Tests" name="AECP_PM_TC004" time="0.0">
    <ignored/>
  </testcase> <!-- AECP_PM_TC004 -->
  <testcase classname="tests.PM_Panel_Tests" name="AECP_PM_TC001" time="0.0">
    <ignored/>
  </testcase> <!-- AECP_PM_TC001 -->
  <testcase classname="tests.PM_Panel_Tests" name="AECP_PM_TC002" time="0.0">
    <ignored/>
  </testcase> <!-- AECP_PM_TC002 -->
</testsuite> <!-- Default test -->
