<?xml version="1.0" encoding="UTF-8"?>
<!-- Generated by org.testng.reporters.JUnitXMLReporter -->
<testsuite ignored="0" hostname="admins-MacBook-Pro-2.local" failures="1" tests="12" name="Test" time="194.97" errors="0" timestamp="2025-10-31T16:19:17 IST">
  <testcase classname="tests.HR_Panel_Tests" name="AECP_HR_TC001" time="10.287"/>
  <testcase classname="tests.HR_Panel_Tests" name="AECP_HR_TC002" time="22.315"/>
  <testcase classname="tests.HR_Panel_Tests" name="AECP_HR_TC003" time="20.813"/>
  <testcase classname="tests.HR_Panel_Tests" name="AECP_HR_TC004" time="12.03"/>
  <testcase classname="tests.HR_Panel_Tests" name="AECP_HR_TC005" time="7.899"/>
  <testcase classname="tests.HR_Panel_Tests" name="AECP_HR_TC006" time="11.212"/>
  <testcase classname="tests.HR_Panel_Tests" name="AECP_HR_TC007" time="18.882"/>
  <testcase classname="tests.HR_Panel_Tests" name="AECP_HR_TC008" time="7.589"/>
  <testcase classname="tests.GM_Panel_Tests" name="AECP_GM_TC001" time="5.055">
    <failure type="java.lang.AssertionError" message="Last-row initial status is not Pending expected [PENDING] but found [REJECTED]">
      <![CDATA[java.lang.AssertionError: Last-row initial status is not Pending expected [PENDING] but found [REJECTED]
at pages.GM_ResourceApprovalPage.approveResourceRequest(GM_ResourceApprovalPage.java:87)
at tests.GM_Panel_Tests.AECP_GM_TC001(GM_Panel_Tests.java:36)
at java.base/java.util.ArrayList.forEach(ArrayList.java:1596)
... Removed 30 stack frames]]>
    </failure>
  </testcase> <!-- AECP_GM_TC001 -->
  <testcase classname="tests.GM_Panel_Tests" name="AECP_GM_TC002" time="12.132"/>
  <testcase classname="tests.GM_Panel_Tests" name="AECP_GM_TC003" time="3.897"/>
  <testcase classname="tests.GM_Panel_Tests" name="AECP_GM_TC004" time="3.874"/>
</testsuite> <!-- Test -->
