<html>
<head>
<title>TestNG:  Test</title>
<link href="../testng.css" rel="stylesheet" type="text/css" />
<link href="../my-testng.css" rel="stylesheet" type="text/css" />

<style type="text/css">
.log { display: none;} 
.stack-trace { display: none;} 
</style>
<script type="text/javascript">
<!--
function flip(e) {
  current = e.style.display;
  if (current == 'block') {
    e.style.display = 'none';
    return 0;
  }
  else {
    e.style.display = 'block';
    return 1;
  }
}

function toggleBox(szDivId, elem, msg1, msg2)
{
  var res = -1;  if (document.getElementById) {
    res = flip(document.getElementById(szDivId));
  }
  else if (document.all) {
    // this is the way old msie versions work
    res = flip(document.all[szDivId]);
  }
  if(elem) {
    if(res == 0) elem.innerHTML = msg1; else elem.innerHTML = msg2;
  }

}

function toggleAllBoxes() {
  if (document.getElementsByTagName) {
    d = document.getElementsByTagName('div');
    for (i = 0; i < d.length; i++) {
      if (d[i].className == 'log') {
        flip(d[i]);
      }
    }
  }
}

// -->
</script>

</head>
<body>
<h2 align='center'>Test</h2><table border='1' align="center">
<tr>
<td>Tests passed/Failed/Skipped:</td><td>11/1/0</td>
</tr><tr>
<td>Started on:</td><td>Fri Oct 31 16:16:02 IST 2025</td>
</tr>
<tr><td>Total time:</td><td>194 seconds (194970 ms)</td>
</tr><tr>
<td>Included groups:</td><td></td>
</tr><tr>
<td>Excluded groups:</td><td></td>
</tr>
</table><p/>
<small><i>(Hover the method name to see the test class name)</i></small><p/>
<table width='100%' border='1' class='invocation-failed'>
<tr><td colspan='4' align='center'><b>FAILED TESTS</b></td></tr>
<tr><td><b>Test method</b></td>
<td><b>Attribute(s)</b></td>
<td width="30%"><b>Exception</b></td>
<td width="10%"><b>Time (seconds)</b></td>
<td><b>Instance</b></td>
</tr>
<tr>
<td title='tests.GM_Panel_Tests.AECP_GM_TC001()'><b>AECP_GM_TC001</b><br>Test class: tests.GM_Panel_Tests</td>
<td><div><pre>java.lang.AssertionError: Last-row initial status is not Pending expected [PENDING] but found [REJECTED]
	at pages.GM_ResourceApprovalPage.approveResourceRequest(GM_ResourceApprovalPage.java:87)
	at tests.GM_Panel_Tests.AECP_GM_TC001(GM_Panel_Tests.java:36)
	at java.base/java.util.ArrayList.forEach(ArrayList.java:1596)
... Removed 30 stack frames</pre></div><a href='#' onClick='toggleBox("stack-trace342907384", this, "Click to show all stack frames", "Click to hide stack frames")'>Click to show all stack frames</a>
<div class='stack-trace' id='stack-trace342907384'><pre>java.lang.AssertionError: Last-row initial status is not Pending expected [PENDING] but found [REJECTED]
	at org.testng.Assert.fail(Assert.java:111)
	at org.testng.Assert.failNotEquals(Assert.java:1590)
	at org.testng.Assert.assertEqualsImpl(Assert.java:150)
	at org.testng.Assert.assertEquals(Assert.java:132)
	at org.testng.Assert.assertEquals(Assert.java:656)
	at pages.GM_ResourceApprovalPage.approveResourceRequest(GM_ResourceApprovalPage.java:87)
	at tests.GM_Panel_Tests.AECP_GM_TC001(GM_Panel_Tests.java:36)
	at java.base/jdk.internal.reflect.DirectMethodHandleAccessor.invoke(DirectMethodHandleAccessor.java:103)
	at java.base/java.lang.reflect.Method.invoke(Method.java:580)
	at org.testng.internal.invokers.MethodInvocationHelper.invokeMethod(MethodInvocationHelper.java:141)
	at org.testng.internal.invokers.TestInvoker.invokeMethod(TestInvoker.java:687)
	at org.testng.internal.invokers.TestInvoker.invokeTestMethod(TestInvoker.java:230)
	at org.testng.internal.invokers.MethodRunner.runInSequence(MethodRunner.java:63)
	at org.testng.internal.invokers.TestInvoker$MethodInvocationAgent.invoke(TestInvoker.java:995)
	at org.testng.internal.invokers.TestInvoker.invokeTestMethods(TestInvoker.java:203)
	at org.testng.internal.invokers.TestMethodWorker.invokeTestMethods(TestMethodWorker.java:154)
	at org.testng.internal.invokers.TestMethodWorker.run(TestMethodWorker.java:134)
	at java.base/java.util.ArrayList.forEach(ArrayList.java:1596)
	at org.testng.TestRunner.privateRun(TestRunner.java:741)
	at org.testng.TestRunner.run(TestRunner.java:616)
	at org.testng.SuiteRunner.runTest(SuiteRunner.java:421)
	at org.testng.SuiteRunner.runSequentially(SuiteRunner.java:413)
	at org.testng.SuiteRunner.privateRun(SuiteRunner.java:373)
	at org.testng.SuiteRunner.run(SuiteRunner.java:312)
	at org.testng.SuiteRunnerWorker.runSuite(SuiteRunnerWorker.java:52)
	at org.testng.SuiteRunnerWorker.run(SuiteRunnerWorker.java:95)
	at org.testng.TestNG.runSuitesSequentially(TestNG.java:1274)
	at org.testng.TestNG.runSuitesLocally(TestNG.java:1208)
	at org.testng.TestNG.runSuites(TestNG.java:1112)
	at org.testng.TestNG.run(TestNG.java:1079)
	at org.testng.remote.AbstractRemoteTestNG.run(AbstractRemoteTestNG.java:115)
	at org.testng.remote.RemoteTestNG.initAndRun(RemoteTestNG.java:293)
	at org.testng.remote.RemoteTestNG.main(RemoteTestNG.java:91)
</pre></div></td>
<td>5</td>
<td>tests.GM_Panel_Tests@299321e2</td></tr>
</table><p>
<table width='100%' border='1' class='invocation-passed'>
<tr><td colspan='4' align='center'><b>PASSED TESTS</b></td></tr>
<tr><td><b>Test method</b></td>
<td><b>Attribute(s)</b></td>
<td width="30%"><b>Exception</b></td>
<td width="10%"><b>Time (seconds)</b></td>
<td><b>Instance</b></td>
</tr>
<tr>
<td title='tests.HR_Panel_Tests.AECP_HR_TC008()'><b>AECP_HR_TC008</b><br>Test class: tests.HR_Panel_Tests</td>
<td></td>
<td>7</td>
<td>tests.HR_Panel_Tests@732f29af</td></tr>
<tr>
<td title='tests.HR_Panel_Tests.AECP_HR_TC006()'><b>AECP_HR_TC006</b><br>Test class: tests.HR_Panel_Tests</td>
<td></td>
<td>11</td>
<td>tests.HR_Panel_Tests@732f29af</td></tr>
<tr>
<td title='tests.GM_Panel_Tests.AECP_GM_TC003()'><b>AECP_GM_TC003</b><br>Test class: tests.GM_Panel_Tests</td>
<td></td>
<td>3</td>
<td>tests.GM_Panel_Tests@299321e2</td></tr>
<tr>
<td title='tests.HR_Panel_Tests.AECP_HR_TC004()'><b>AECP_HR_TC004</b><br>Test class: tests.HR_Panel_Tests</td>
<td></td>
<td>12</td>
<td>tests.HR_Panel_Tests@732f29af</td></tr>
<tr>
<td title='tests.HR_Panel_Tests.AECP_HR_TC003()'><b>AECP_HR_TC003</b><br>Test class: tests.HR_Panel_Tests</td>
<td></td>
<td>20</td>
<td>tests.HR_Panel_Tests@732f29af</td></tr>
<tr>
<td title='tests.HR_Panel_Tests.AECP_HR_TC007()'><b>AECP_HR_TC007</b><br>Test class: tests.HR_Panel_Tests</td>
<td></td>
<td>18</td>
<td>tests.HR_Panel_Tests@732f29af</td></tr>
<tr>
<td title='tests.GM_Panel_Tests.AECP_GM_TC004()'><b>AECP_GM_TC004</b><br>Test class: tests.GM_Panel_Tests</td>
<td></td>
<td>3</td>
<td>tests.GM_Panel_Tests@299321e2</td></tr>
<tr>
<td title='tests.HR_Panel_Tests.AECP_HR_TC001()'><b>AECP_HR_TC001</b><br>Test class: tests.HR_Panel_Tests</td>
<td></td>
<td>10</td>
<td>tests.HR_Panel_Tests@732f29af</td></tr>
<tr>
<td title='tests.GM_Panel_Tests.AECP_GM_TC002()'><b>AECP_GM_TC002</b><br>Test class: tests.GM_Panel_Tests</td>
<td></td>
<td>12</td>
<td>tests.GM_Panel_Tests@299321e2</td></tr>
<tr>
<td title='tests.HR_Panel_Tests.AECP_HR_TC002()'><b>AECP_HR_TC002</b><br>Test class: tests.HR_Panel_Tests</td>
<td></td>
<td>22</td>
<td>tests.HR_Panel_Tests@732f29af</td></tr>
<tr>
<td title='tests.HR_Panel_Tests.AECP_HR_TC005()'><b>AECP_HR_TC005</b><br>Test class: tests.HR_Panel_Tests</td>
<td></td>
<td>7</td>
<td>tests.HR_Panel_Tests@732f29af</td></tr>
</table><p>
</body>
</html>