<?xml version="1.0" encoding="UTF-8"?>
<!-- Generated by org.testng.reporters.JUnitXMLReporter -->
<testsuite ignored="3" hostname="admins-MacBook-Pro-2.local" failures="1" tests="1" name="Test(failed)" time="10.452" errors="0" timestamp="2025-10-31T16:20:42 IST">
  <testcase classname="tests.GM_Panel_Tests" name="AECP_GM_TC001" time="4.365">
    <failure type="java.lang.AssertionError" message="Last-row initial status is not Pending expected [PENDING] but found [REJECTED]">
      <![CDATA[java.lang.AssertionError: Last-row initial status is not Pending expected [PENDING] but found [REJECTED]
at pages.GM_ResourceApprovalPage.approveResourceRequest(GM_ResourceApprovalPage.java:87)
at tests.GM_Panel_Tests.AECP_GM_TC001(GM_Panel_Tests.java:36)
at java.base/java.util.ArrayList.forEach(ArrayList.java:1596)
... Removed 30 stack frames]]>
    </failure>
  </testcase> <!-- AECP_GM_TC001 -->
  <testcase classname="tests.GM_Panel_Tests" name="AECP_GM_TC004" time="0.0">
    <ignored/>
  </testcase> <!-- AECP_GM_TC004 -->
  <testcase classname="tests.GM_Panel_Tests" name="AECP_GM_TC002" time="0.0">
    <ignored/>
  </testcase> <!-- AECP_GM_TC002 -->
  <testcase classname="tests.GM_Panel_Tests" name="AECP_GM_TC003" time="0.0">
    <ignored/>
  </testcase> <!-- AECP_GM_TC003 -->
</testsuite> <!-- Test(failed) -->
