<?xml version="1.0" encoding="UTF-8"?>
<testng-results ignored="9" total="10" passed="0" failed="1" skipped="0">
  <reporter-output>
  </reporter-output>
  <suite started-at="2025-11-05T18:01:34 IST" name="Default suite" finished-at="2025-11-05T18:02:17 IST" duration-ms="43456">
    <groups>
    </groups>
    <test started-at="2025-11-05T18:01:34 IST" name="Default test" finished-at="2025-11-05T18:02:17 IST" duration-ms="43456">
      <class name="tests.HR_Panel_Tests">
        <test-method is-config="true" signature="setup()[pri:0, instance:tests.HR_Panel_Tests@23fb172e]" started-at="2025-11-05T18:01:34 IST" name="setup" finished-at="2025-11-05T18:01:34 IST" duration-ms="6" status="PASS">
          <reporter-output>
          </reporter-output>
        </test-method> <!-- setup -->
        <test-method is-config="true" signature="setUp()[pri:0, instance:tests.HR_Panel_Tests@23fb172e]" started-at="2025-11-05T18:01:34 IST" name="setUp" finished-at="2025-11-05T18:01:59 IST" duration-ms="25246" status="PASS">
          <reporter-output>
          </reporter-output>
        </test-method> <!-- setUp -->
        <test-method signature="AECP_HR_TC010()[pri:0, instance:tests.HR_Panel_Tests@23fb172e]" started-at="2025-11-05T18:01:59 IST" name="AECP_HR_TC010" finished-at="2025-11-05T18:02:17 IST" duration-ms="17868" status="FAIL">
          <exception class="java.lang.AssertionError">
            <message>
              <![CDATA[Department has not deleted! did not expect [Test Department] but found [Test Department]]]>
            </message>
            <full-stacktrace>
              <![CDATA[java.lang.AssertionError: Department has not deleted! did not expect [Test Department] but found [Test Department]
at org.testng.Assert.fail(Assert.java:111)
at org.testng.Assert.failEquals(Assert.java:1594)
at org.testng.Assert.assertNotEqualsImpl(Assert.java:157)
at org.testng.Assert.assertNotEquals(Assert.java:2217)
at pages.HR_DepartmentPage.deleteDepartment(HR_DepartmentPage.java:61)
at tests.HR_Panel_Tests.AECP_HR_TC010(HR_Panel_Tests.java:218)
at java.base/jdk.internal.reflect.DirectMethodHandleAccessor.invoke(DirectMethodHandleAccessor.java:103)
at java.base/java.lang.reflect.Method.invoke(Method.java:580)
at org.testng.internal.invokers.MethodInvocationHelper.invokeMethod(MethodInvocationHelper.java:141)
at org.testng.internal.invokers.TestInvoker.invokeMethod(TestInvoker.java:687)
at org.testng.internal.invokers.TestInvoker.invokeTestMethod(TestInvoker.java:230)
at org.testng.internal.invokers.MethodRunner.runInSequence(MethodRunner.java:63)
at org.testng.internal.invokers.TestInvoker$MethodInvocationAgent.invoke(TestInvoker.java:995)
at org.testng.internal.invokers.TestInvoker.invokeTestMethods(TestInvoker.java:203)
at org.testng.internal.invokers.TestMethodWorker.invokeTestMethods(TestMethodWorker.java:154)
at org.testng.internal.invokers.TestMethodWorker.run(TestMethodWorker.java:134)
at java.base/java.util.ArrayList.forEach(ArrayList.java:1596)
at org.testng.TestRunner.privateRun(TestRunner.java:741)
at org.testng.TestRunner.run(TestRunner.java:616)
at org.testng.SuiteRunner.runTest(SuiteRunner.java:421)
at org.testng.SuiteRunner.runSequentially(SuiteRunner.java:413)
at org.testng.SuiteRunner.privateRun(SuiteRunner.java:373)
at org.testng.SuiteRunner.run(SuiteRunner.java:312)
at org.testng.SuiteRunnerWorker.runSuite(SuiteRunnerWorker.java:52)
at org.testng.SuiteRunnerWorker.run(SuiteRunnerWorker.java:95)
at org.testng.TestNG.runSuitesSequentially(TestNG.java:1274)
at org.testng.TestNG.runSuitesLocally(TestNG.java:1208)
at org.testng.TestNG.runSuites(TestNG.java:1112)
at org.testng.TestNG.run(TestNG.java:1079)
at org.testng.remote.AbstractRemoteTestNG.run(AbstractRemoteTestNG.java:115)
at org.testng.remote.RemoteTestNG.initAndRun(RemoteTestNG.java:293)
at org.testng.remote.RemoteTestNG.main(RemoteTestNG.java:91)
]]>
            </full-stacktrace>
          </exception> <!-- java.lang.AssertionError -->
          <reporter-output>
          </reporter-output>
        </test-method> <!-- AECP_HR_TC010 -->
        <test-method is-config="true" signature="tearDown()[pri:0, instance:tests.HR_Panel_Tests@23fb172e]" started-at="2025-11-05T18:02:17 IST" name="tearDown" finished-at="2025-11-05T18:02:17 IST" duration-ms="300" status="PASS">
          <reporter-output>
          </reporter-output>
        </test-method> <!-- tearDown -->
      </class> <!-- tests.HR_Panel_Tests -->
    </test> <!-- Default test -->
  </suite> <!-- Default suite -->
</testng-results>
