<?xml version="1.0" encoding="UTF-8"?>
<testng-results ignored="10" total="11" passed="0" failed="1" skipped="0">
  <reporter-output>
  </reporter-output>
  <suite started-at="2025-11-17T17:06:32 IST" name="Default suite" finished-at="2025-11-17T17:06:59 IST" duration-ms="26561">
    <groups>
    </groups>
    <test started-at="2025-11-17T17:06:32 IST" name="Default test" finished-at="2025-11-17T17:06:59 IST" duration-ms="26561">
      <class name="tests.StoreManager_Panel_Tests">
        <test-method is-config="true" signature="setup()[pri:0, instance:tests.StoreManager_Panel_Tests@64ba3208]" started-at="2025-11-17T17:06:32 IST" name="setup" finished-at="2025-11-17T17:06:32 IST" duration-ms="7" status="PASS">
          <reporter-output>
          </reporter-output>
        </test-method> <!-- setup -->
        <test-method is-config="true" signature="setUp()[pri:0, instance:tests.StoreManager_Panel_Tests@64ba3208]" started-at="2025-11-17T17:06:32 IST" name="setUp" finished-at="2025-11-17T17:06:37 IST" duration-ms="5157" status="PASS">
          <reporter-output>
          </reporter-output>
        </test-method> <!-- setUp -->
        <test-method signature="AECP_SM_TC011()[pri:0, instance:tests.StoreManager_Panel_Tests@64ba3208]" started-at="2025-11-17T17:06:37 IST" name="AECP_SM_TC011" finished-at="2025-11-17T17:06:59 IST" duration-ms="21176" status="FAIL">
          <exception class="java.lang.AssertionError">
            <message>
              <![CDATA[invoice is not getting added! expected [client X] but found [Hector Farley]]]>
            </message>
            <full-stacktrace>
              <![CDATA[java.lang.AssertionError: invoice is not getting added! expected [client X] but found [Hector Farley]
at org.testng.Assert.fail(Assert.java:111)
at org.testng.Assert.failNotEquals(Assert.java:1590)
at org.testng.Assert.assertEqualsImpl(Assert.java:150)
at org.testng.Assert.assertEquals(Assert.java:132)
at org.testng.Assert.assertEquals(Assert.java:656)
at pages.StoreManager_InvoicePage.addInvoice(StoreManager_InvoicePage.java:73)
at tests.StoreManager_Panel_Tests.AECP_SM_TC011(StoreManager_Panel_Tests.java:171)
at java.base/jdk.internal.reflect.DirectMethodHandleAccessor.invoke(DirectMethodHandleAccessor.java:103)
at java.base/java.lang.reflect.Method.invoke(Method.java:580)
at org.testng.internal.invokers.MethodInvocationHelper.invokeMethod(MethodInvocationHelper.java:141)
at org.testng.internal.invokers.TestInvoker.invokeMethod(TestInvoker.java:687)
at org.testng.internal.invokers.TestInvoker.invokeTestMethod(TestInvoker.java:230)
at org.testng.internal.invokers.MethodRunner.runInSequence(MethodRunner.java:63)
at org.testng.internal.invokers.TestInvoker$MethodInvocationAgent.invoke(TestInvoker.java:995)
at org.testng.internal.invokers.TestInvoker.invokeTestMethods(TestInvoker.java:203)
at org.testng.internal.invokers.TestMethodWorker.invokeTestMethods(TestMethodWorker.java:154)
at org.testng.internal.invokers.TestMethodWorker.run(TestMethodWorker.java:134)
at java.base/java.util.ArrayList.forEach(ArrayList.java:1596)
at org.testng.TestRunner.privateRun(TestRunner.java:741)
at org.testng.TestRunner.run(TestRunner.java:616)
at org.testng.SuiteRunner.runTest(SuiteRunner.java:421)
at org.testng.SuiteRunner.runSequentially(SuiteRunner.java:413)
at org.testng.SuiteRunner.privateRun(SuiteRunner.java:373)
at org.testng.SuiteRunner.run(SuiteRunner.java:312)
at org.testng.SuiteRunnerWorker.runSuite(SuiteRunnerWorker.java:52)
at org.testng.SuiteRunnerWorker.run(SuiteRunnerWorker.java:95)
at org.testng.TestNG.runSuitesSequentially(TestNG.java:1274)
at org.testng.TestNG.runSuitesLocally(TestNG.java:1208)
at org.testng.TestNG.runSuites(TestNG.java:1112)
at org.testng.TestNG.run(TestNG.java:1079)
at org.testng.remote.AbstractRemoteTestNG.run(AbstractRemoteTestNG.java:115)
at org.testng.remote.RemoteTestNG.initAndRun(RemoteTestNG.java:293)
at org.testng.remote.RemoteTestNG.main(RemoteTestNG.java:91)
]]>
            </full-stacktrace>
          </exception> <!-- java.lang.AssertionError -->
          <reporter-output>
          </reporter-output>
        </test-method> <!-- AECP_SM_TC011 -->
        <test-method is-config="true" signature="tearDown()[pri:0, instance:tests.StoreManager_Panel_Tests@64ba3208]" started-at="2025-11-17T17:06:59 IST" name="tearDown" finished-at="2025-11-17T17:06:59 IST" duration-ms="187" status="PASS">
          <reporter-output>
          </reporter-output>
        </test-method> <!-- tearDown -->
      </class> <!-- tests.StoreManager_Panel_Tests -->
    </test> <!-- Default test -->
  </suite> <!-- Default suite -->
</testng-results>
