<?xml version="1.0" encoding="UTF-8"?>
<testng-results ignored="3" total="4" passed="1" failed="0" skipped="0">
  <reporter-output>
  </reporter-output>
  <suite started-at="2025-10-31T16:23:19 IST" name="Failed suite [Default suite]" finished-at="2025-10-31T16:23:38 IST" duration-ms="18582">
    <groups>
    </groups>
    <test started-at="2025-10-31T16:23:19 IST" name="Default test(failed)" finished-at="2025-10-31T16:23:38 IST" duration-ms="18582">
      <class name="tests.GM_Panel_Tests">
        <test-method is-config="true" signature="setup()[pri:0, instance:tests.GM_Panel_Tests@7216fb24]" started-at="2025-10-31T16:23:19 IST" name="setup" finished-at="2025-10-31T16:23:19 IST" duration-ms="8" status="PASS">
          <reporter-output>
          </reporter-output>
        </test-method> <!-- setup -->
        <test-method is-config="true" signature="setUp()[pri:0, instance:tests.GM_Panel_Tests@7216fb24]" started-at="2025-10-31T16:23:19 IST" name="setUp" finished-at="2025-10-31T16:23:25 IST" duration-ms="5310" status="PASS">
          <reporter-output>
          </reporter-output>
        </test-method> <!-- setUp -->
        <test-method signature="AECP_GM_TC001()[pri:0, instance:tests.GM_Panel_Tests@7216fb24]" started-at="2025-10-31T16:23:25 IST" name="AECP_GM_TC001" finished-at="2025-10-31T16:23:38 IST" duration-ms="12961" status="PASS">
          <reporter-output>
          </reporter-output>
        </test-method> <!-- AECP_GM_TC001 -->
        <test-method is-config="true" signature="tearDown()[pri:0, instance:tests.GM_Panel_Tests@7216fb24]" started-at="2025-10-31T16:23:38 IST" name="tearDown" finished-at="2025-10-31T16:23:38 IST" duration-ms="272" status="PASS">
          <reporter-output>
          </reporter-output>
        </test-method> <!-- tearDown -->
      </class> <!-- tests.GM_Panel_Tests -->
    </test> <!-- Default test(failed) -->
  </suite> <!-- Failed suite [Default suite] -->
</testng-results>
