<?xml version="1.0" encoding="UTF-8"?>
<testng-results ignored="4" total="5" passed="1" failed="0" skipped="0">
  <reporter-output>
  </reporter-output>
  <suite started-at="2025-11-07T16:09:03 IST" name="Default suite" finished-at="2025-11-07T16:09:14 IST" duration-ms="11039">
    <groups>
    </groups>
    <test started-at="2025-11-07T16:09:03 IST" name="Default test" finished-at="2025-11-07T16:09:14 IST" duration-ms="11039">
      <class name="tests.PM_Panel_Tests">
        <test-method is-config="true" signature="setup()[pri:0, instance:tests.PM_Panel_Tests@45815ffc]" started-at="2025-11-07T16:09:03 IST" name="setup" finished-at="2025-11-07T16:09:03 IST" duration-ms="9" status="PASS">
          <reporter-output>
          </reporter-output>
        </test-method> <!-- setup -->
        <test-method is-config="true" signature="setUp()[pri:0, instance:tests.PM_Panel_Tests@45815ffc]" started-at="2025-11-07T16:09:03 IST" name="setUp" finished-at="2025-11-07T16:09:09 IST" duration-ms="5876" status="PASS">
          <reporter-output>
          </reporter-output>
        </test-method> <!-- setUp -->
        <test-method signature="AECP_PM_TC005()[pri:0, instance:tests.PM_Panel_Tests@45815ffc]" started-at="2025-11-07T16:09:09 IST" name="AECP_PM_TC005" finished-at="2025-11-07T16:09:13 IST" duration-ms="4845" status="PASS">
          <reporter-output>
          </reporter-output>
        </test-method> <!-- AECP_PM_TC005 -->
        <test-method is-config="true" signature="tearDown()[pri:0, instance:tests.PM_Panel_Tests@45815ffc]" started-at="2025-11-07T16:09:13 IST" name="tearDown" finished-at="2025-11-07T16:09:14 IST" duration-ms="275" status="PASS">
          <reporter-output>
          </reporter-output>
        </test-method> <!-- tearDown -->
      </class> <!-- tests.PM_Panel_Tests -->
    </test> <!-- Default test -->
  </suite> <!-- Default suite -->
</testng-results>
