<?xml version="1.0" encoding="UTF-8"?>
<!-- Generated by org.testng.reporters.JUnitReportReporter -->
<testsuite hostname="admins-MacBook-Pro-2.local" failures="0" tests="8" name="tests.HR_Panel_Tests" time="149.910" errors="0" timestamp="2025-10-31T16:19:17 IST" skipped="0">
  <testcase classname="tests.HR_Panel_Tests" name="AECP_HR_TC008" time="12.029"/>
  <testcase classname="tests.HR_Panel_Tests" name="AECP_HR_TC006" time="16.569"/>
  <testcase classname="tests.HR_Panel_Tests" name="AECP_HR_TC004" time="17.000"/>
  <testcase classname="tests.HR_Panel_Tests" name="AECP_HR_TC003" time="25.744"/>
  <testcase classname="tests.HR_Panel_Tests" name="AECP_HR_TC007" time="23.505"/>
  <testcase classname="tests.HR_Panel_Tests" name="AECP_HR_TC001" time="14.944"/>
  <testcase classname="tests.HR_Panel_Tests" name="AECP_HR_TC002" time="27.474"/>
  <testcase classname="tests.HR_Panel_Tests" name="AECP_HR_TC005" time="12.645"/>
</testsuite> <!-- tests.HR_Panel_Tests -->
